  mandelbrot.cpp
mandelbrot.cpp(182): warning C4244: '=': conversion from 'float' to 'uint32_t', possible loss of data
mandelbrot.cpp(208): warning C4244: 'initializing': conversion from 'double' to 'float', possible loss of data
mandelbrot.cpp(209): warning C4244: 'initializing': conversion from 'double' to 'float', possible loss of data
mandelbrot.cpp(220): warning C4244: '=': conversion from 'double' to 'float', possible loss of data
mandelbrot.cpp(221): warning C4244: '=': conversion from 'double' to 'float', possible loss of data
mandelbrot.cpp(296): warning C4244: '=': conversion from 'float' to 'uint8_t', possible loss of data
mandelbrot.cpp(297): warning C4244: '=': conversion from 'float' to 'uint8_t', possible loss of data
mandelbrot.cpp(298): warning C4244: '=': conversion from 'float' to 'uint8_t', possible loss of data
mandelbrot.cpp(368): warning C4244: '=': conversion from 'float' to 'uint32_t', possible loss of data
mandelbrot.cpp(369): warning C4244: '=': conversion from 'float' to 'uint32_t', possible loss of data
mandelbrot.cpp(370): warning C4244: '=': conversion from 'float' to 'uint32_t', possible loss of data
mandelbrot.cpp(338): warning C4101: 'newPixel': unreferenced local variable
mandelbrot.cpp(408): warning C4305: 'argument': truncation from 'double' to 'float'
mandelbrot.cpp(420): warning C4305: 'argument': truncation from 'double' to 'float'
  Generating code
  5 of 326 functions ( 1.5%) were compiled, the rest were copied from previous compilation.
    0 functions were new in current compilation
    0 functions had inline decision re-evaluated but remain unchanged
  Finished generating code
  mandelbrot.vcxproj -> D:\Year 2\Data Structures and Algorithms 2\Assessment\mandelbrot\x64\Release\mandelbrot.exe
  mandelbrot.vcxproj -> D:\Year 2\Data Structures and Algorithms 2\Assessment\mandelbrot\x64\Release\mandelbrot.pdb (Full PDB)
